Watching for file changes with StatReloader
Home page viewed, weather: 18.7, USD: 2.7315
"GET / HTTP/1.1" 200 4401
"GET /about/ HTTP/1.1" 200 3769
"GET /contacts/ HTTP/1.1" 200 3203
"GET /faq/ HTTP/1.1" 200 4402
"GET /vacancies/ HTTP/1.1" 200 3328
"GET /reviews/ HTTP/1.1" 200 3497
"GET /statistics/ HTTP/1.1" 200 5474
Watching for file changes with StatReloader
Home page viewed, weather: 18.7, USD: 2.7315
"GET / HTTP/1.1" 200 4401
"GET /admin/ HTTP/1.1" 302 0
"GET /admin/login/?next=/admin/ HTTP/1.1" 200 4285
"GET /static/admin/css/dark_mode.css HTTP/1.1" 200 3538
"GET /static/admin/js/theme.js HTTP/1.1" 200 1653
"GET /static/admin/css/base.css HTTP/1.1" 200 23100
"GET /static/admin/css/login.css HTTP/1.1" 200 951
"GET /static/admin/css/nav_sidebar.css HTTP/1.1" 200 2810
"GET /static/admin/css/responsive.css HTTP/1.1" 200 16273
"GET /static/admin/js/nav_sidebar.js HTTP/1.1" 200 3063
"POST /admin/login/?next=/admin/ HTTP/1.1" 302 0
"GET /admin/ HTTP/1.1" 200 11375
"GET /static/admin/css/dashboard.css HTTP/1.1" 200 441
"GET /static/admin/img/icon-addlink.svg HTTP/1.1" 200 593
"GET /static/admin/img/icon-changelink.svg HTTP/1.1" 200 978
"GET /admin/core/client/add/ HTTP/1.1" 200 17130
"GET /static/admin/css/forms.css HTTP/1.1" 200 8831
"GET /static/admin/js/jquery.init.js HTTP/1.1" 200 347
"GET /static/admin/js/calendar.js HTTP/1.1" 200 9159
"GET /static/admin/js/admin/DateTimeShortcuts.js HTTP/1.1" 200 19698
"GET /static/admin/css/widgets.css HTTP/1.1" 200 11811
"GET /admin/jsi18n/ HTTP/1.1" 200 16820
"GET /static/admin/js/core.js HTTP/1.1" 200 6208
"GET /static/admin/js/actions.js HTTP/1.1" 200 8076
"GET /static/admin/js/urlify.js HTTP/1.1" 200 7887
"GET /static/admin/js/admin/RelatedObjectLookups.js HTTP/1.1" 200 9777
"GET /static/admin/js/vendor/jquery/jquery.js HTTP/1.1" 200 285314
"GET /static/admin/js/prepopulate.js HTTP/1.1" 200 1531
"GET /static/admin/js/prepopulate_init.js HTTP/1.1" 200 586
"GET /static/admin/img/icon-viewlink.svg HTTP/1.1" 200 928
"GET /static/admin/js/change_form.js HTTP/1.1" 200 606
"GET /static/admin/js/vendor/xregexp/xregexp.js HTTP/1.1" 200 325171
"GET /static/admin/img/icon-calendar.svg HTTP/1.1" 200 1112
"POST /admin/core/client/add/ HTTP/1.1" 200 17655
"GET /admin/jsi18n/ HTTP/1.1" 200 16820
"POST /admin/core/client/add/ HTTP/1.1" 302 0
"GET /admin/core/client/add/ HTTP/1.1" 200 17405
"GET /admin/jsi18n/ HTTP/1.1" 200 16820
"GET /static/admin/img/icon-yes-dark.svg HTTP/1.1" 200 558
"POST /admin/core/client/add/ HTTP/1.1" 302 0
"GET /admin/core/client/add/ HTTP/1.1" 200 17404
"GET /admin/jsi18n/ HTTP/1.1" 200 16820
"POST /admin/core/client/add/ HTTP/1.1" 302 0
"GET /admin/core/client/ HTTP/1.1" 200 15353
"GET /static/admin/css/changelists.css HTTP/1.1" 200 7498
"GET /admin/jsi18n/ HTTP/1.1" 200 16820
"GET /static/admin/js/filters.js HTTP/1.1" 200 978
"GET /static/admin/img/search.svg HTTP/1.1" 200 607
"GET /static/admin/img/tooltag-add.svg HTTP/1.1" 200 593
"GET /admin/core/ HTTP/1.1" 200 9548
"GET /admin/core/devicetype/add/ HTTP/1.1" 200 12995
"GET /admin/jsi18n/ HTTP/1.1" 200 16820
"POST /admin/core/devicetype/add/ HTTP/1.1" 302 0
"GET /admin/core/devicetype/add/ HTTP/1.1" 200 13301
"GET /static/admin/css/base.css HTTP/1.1" 304 0
"GET /static/admin/css/responsive.css HTTP/1.1" 304 0
"GET /static/admin/css/dark_mode.css HTTP/1.1" 304 0
"GET /static/admin/css/nav_sidebar.css HTTP/1.1" 304 0
"GET /static/admin/js/theme.js HTTP/1.1" 304 0
"GET /static/admin/js/nav_sidebar.js HTTP/1.1" 304 0
"GET /admin/jsi18n/ HTTP/1.1" 200 16820
"POST /admin/core/devicetype/add/ HTTP/1.1" 302 0
"GET /admin/core/devicetype/add/ HTTP/1.1" 200 13291
"GET /admin/jsi18n/ HTTP/1.1" 200 16820
"POST /admin/core/devicetype/add/ HTTP/1.1" 302 0
"GET /admin/core/devicetype/ HTTP/1.1" 200 14194
"GET /admin/jsi18n/ HTTP/1.1" 200 16820
"GET /admin/core/ HTTP/1.1" 200 9548
"GET /static/admin/css/dashboard.css HTTP/1.1" 304 0
"GET /admin/core/service/add/ HTTP/1.1" 200 16435
"GET /static/admin/img/icon-changelink.svg HTTP/1.1" 304 0
"GET /admin/jsi18n/ HTTP/1.1" 200 16820
"GET /static/admin/img/icon-addlink.svg HTTP/1.1" 304 0
"POST /admin/core/service/add/ HTTP/1.1" 200 16768
"GET /static/admin/css/base.css HTTP/1.1" 304 0
"GET /static/admin/css/forms.css HTTP/1.1" 304 0
"GET /static/admin/css/dark_mode.css HTTP/1.1" 304 0
"GET /static/admin/js/vendor/jquery/jquery.js HTTP/1.1" 304 0
"GET /static/admin/css/nav_sidebar.css HTTP/1.1" 304 0
"GET /static/admin/js/jquery.init.js HTTP/1.1" 304 0
"GET /static/admin/css/responsive.css HTTP/1.1" 304 0
"GET /static/admin/js/theme.js HTTP/1.1" 304 0
"GET /admin/jsi18n/ HTTP/1.1" 200 16820
"GET /static/admin/js/core.js HTTP/1.1" 304 0
"GET /static/admin/js/urlify.js HTTP/1.1" 304 0
"GET /static/admin/js/admin/RelatedObjectLookups.js HTTP/1.1" 304 0
"GET /static/admin/js/vendor/xregexp/xregexp.js HTTP/1.1" 304 0
"GET /static/admin/js/prepopulate.js HTTP/1.1" 304 0
"GET /static/admin/js/actions.js HTTP/1.1" 304 0
"GET /static/admin/css/widgets.css HTTP/1.1" 304 0
"GET /static/admin/js/prepopulate_init.js HTTP/1.1" 304 0
"GET /static/admin/js/nav_sidebar.js HTTP/1.1" 304 0
"GET /static/admin/img/icon-changelink.svg HTTP/1.1" 304 0
"GET /static/admin/js/change_form.js HTTP/1.1" 304 0
"GET /static/admin/img/icon-viewlink.svg HTTP/1.1" 304 0
"GET /static/admin/img/icon-addlink.svg HTTP/1.1" 304 0
"POST /admin/core/service/add/ HTTP/1.1" 200 16768
"GET /admin/jsi18n/ HTTP/1.1" 200 16820
"POST /admin/core/service/add/ HTTP/1.1" 200 16768
"GET /admin/jsi18n/ HTTP/1.1" 200 16820
"GET /admin/core/ HTTP/1.1" 200 9548
"GET /static/admin/css/dashboard.css HTTP/1.1" 304 0
"GET /admin/core/servicetype/add/ HTTP/1.1" 200 13046
"GET /admin/jsi18n/ HTTP/1.1" 200 16820
"POST /admin/core/servicetype/add/ HTTP/1.1" 302 0
"GET /admin/core/servicetype/add/ HTTP/1.1" 200 13345
"GET /admin/jsi18n/ HTTP/1.1" 200 16820
"GET /static/admin/img/icon-yes-dark.svg HTTP/1.1" 304 0
"POST /admin/core/servicetype/add/ HTTP/1.1" 302 0
"GET /admin/core/servicetype/add/ HTTP/1.1" 200 13347
"GET /admin/jsi18n/ HTTP/1.1" 200 16820
"POST /admin/core/servicetype/add/ HTTP/1.1" 302 0
"GET /admin/core/servicetype/ HTTP/1.1" 200 14208
"GET /static/admin/css/changelists.css HTTP/1.1" 304 0
"GET /static/admin/js/filters.js HTTP/1.1" 304 0
"GET /admin/jsi18n/ HTTP/1.1" 200 16820
"GET /admin/core/ HTTP/1.1" 200 9548
"GET /admin/core/service/ HTTP/1.1" 200 13031
"GET /static/admin/img/search.svg HTTP/1.1" 304 0
"GET /admin/jsi18n/ HTTP/1.1" 200 16820
"GET /admin/core/service/add/ HTTP/1.1" 200 16577
"GET /admin/jsi18n/ HTTP/1.1" 200 16820
"POST /admin/core/service/add/ HTTP/1.1" 302 0
"GET /admin/core/service/add/ HTTP/1.1" 200 16888
"GET /static/admin/css/dark_mode.css HTTP/1.1" 304 0
"GET /static/admin/css/base.css HTTP/1.1" 304 0
"GET /static/admin/css/nav_sidebar.css HTTP/1.1" 304 0
"GET /static/admin/css/forms.css HTTP/1.1" 304 0
"GET /static/admin/js/jquery.init.js HTTP/1.1" 304 0
"GET /static/admin/js/core.js HTTP/1.1" 304 0
"GET /static/admin/js/theme.js HTTP/1.1" 304 0
"GET /static/admin/js/vendor/jquery/jquery.js HTTP/1.1" 304 0
"GET /static/admin/js/admin/RelatedObjectLookups.js HTTP/1.1" 304 0
"GET /static/admin/js/actions.js HTTP/1.1" 304 0
"GET /static/admin/js/urlify.js HTTP/1.1" 304 0
"GET /static/admin/css/responsive.css HTTP/1.1" 304 0
"GET /admin/jsi18n/ HTTP/1.1" 200 16820
"GET /static/admin/css/widgets.css HTTP/1.1" 304 0
"GET /static/admin/js/prepopulate.js HTTP/1.1" 304 0
"GET /static/admin/js/vendor/xregexp/xregexp.js HTTP/1.1" 304 0
"GET /static/admin/js/prepopulate_init.js HTTP/1.1" 304 0
"GET /static/admin/img/icon-changelink.svg HTTP/1.1" 304 0
"GET /static/admin/js/nav_sidebar.js HTTP/1.1" 304 0
"GET /static/admin/img/icon-addlink.svg HTTP/1.1" 304 0
"GET /static/admin/img/icon-viewlink.svg HTTP/1.1" 304 0
"GET /static/admin/js/change_form.js HTTP/1.1" 304 0
"POST /admin/core/service/add/ HTTP/1.1" 302 0
"GET /admin/core/service/add/ HTTP/1.1" 200 16889
"GET /admin/jsi18n/ HTTP/1.1" 200 16820
"POST /admin/core/service/add/ HTTP/1.1" 302 0
"GET /admin/core/service/ HTTP/1.1" 200 16140
"GET /admin/jsi18n/ HTTP/1.1" 200 16820
"GET /admin/core/ HTTP/1.1" 200 9548
"GET /admin/core/order/add/ HTTP/1.1" 200 34107
"GET /static/admin/js/admin/DateTimeShortcuts.js HTTP/1.1" 304 0
"GET /static/admin/js/calendar.js HTTP/1.1" 304 0
"GET /admin/jsi18n/ HTTP/1.1" 200 16820
"GET /static/admin/img/icon-deletelink.svg HTTP/1.1" 200 689
"GET /static/admin/js/inlines.js HTTP/1.1" 200 15628
"GET /static/admin/img/icon-calendar.svg HTTP/1.1" 304 0
"GET /static/admin/img/inline-delete.svg HTTP/1.1" 200 651
"GET /admin/core/ HTTP/1.1" 200 9548
"GET /admin/core/employeeprofile/add/ HTTP/1.1" 200 16027
"GET /admin/jsi18n/ HTTP/1.1" 200 16820
"GET /admin/core/ HTTP/1.1" 200 9548
"GET /admin/ HTTP/1.1" 200 15141
"GET /admin/auth/user/add/ HTTP/1.1" 200 17034
"GET /admin/jsi18n/ HTTP/1.1" 200 16820
"GET /static/admin/css/unusable_password_field.css HTTP/1.1" 200 663
"POST /admin/auth/user/add/ HTTP/1.1" 200 17365
"GET /admin/jsi18n/ HTTP/1.1" 200 16820
"POST /admin/auth/user/add/ HTTP/1.1" 302 0
"GET /admin/auth/user/2/change/ HTTP/1.1" 200 31008
"GET /admin/jsi18n/ HTTP/1.1" 200 16820
"GET /static/admin/js/SelectFilter2.js HTTP/1.1" 200 16428
"GET /static/admin/js/SelectBox.js HTTP/1.1" 200 4530
"GET /static/admin/img/icon-yes-dark.svg HTTP/1.1" 304 0
"GET /static/admin/img/selector-icons.svg HTTP/1.1" 200 2387
"GET /static/admin/img/icon-clock.svg HTTP/1.1" 200 805
"POST /admin/auth/user/2/change/ HTTP/1.1" 302 0
"GET /admin/auth/user/ HTTP/1.1" 200 17265
"GET /admin/jsi18n/ HTTP/1.1" 200 16820
"GET /static/admin/img/icon-no.svg HTTP/1.1" 200 645
"GET /static/admin/img/icon-yes.svg HTTP/1.1" 200 558
"GET /static/admin/img/sorting-icons.svg HTTP/1.1" 200 1761
"GET /admin/ HTTP/1.1" 200 15153
"GET /static/admin/css/dashboard.css HTTP/1.1" 304 0
"GET /admin/core/employeeprofile/ HTTP/1.1" 200 11818
"GET /admin/jsi18n/ HTTP/1.1" 200 16820
"GET /admin/core/employeeprofile/add/ HTTP/1.1" 200 16064
"GET /admin/jsi18n/ HTTP/1.1" 200 16820
"POST /admin/core/employeeprofile/add/ HTTP/1.1" 302 0
"GET /admin/core/employeeprofile/ HTTP/1.1" 200 14012
"GET /admin/jsi18n/ HTTP/1.1" 200 16820
"GET /admin/core/ HTTP/1.1" 200 9548
"GET /admin/core/order/add/ HTTP/1.1" 200 34168
"GET /admin/jsi18n/ HTTP/1.1" 200 16820
"POST /admin/core/order/add/ HTTP/1.1" 302 0
"GET /admin/core/order/ HTTP/1.1" 200 17124
"GET /static/admin/css/base.css HTTP/1.1" 304 0
"GET /static/admin/css/dark_mode.css HTTP/1.1" 304 0
"GET /static/admin/css/changelists.css HTTP/1.1" 304 0
"GET /static/admin/js/vendor/jquery/jquery.js HTTP/1.1" 304 0
"GET /static/admin/css/nav_sidebar.css HTTP/1.1" 304 0
"GET /static/admin/js/theme.js HTTP/1.1" 304 0
"GET /static/admin/js/jquery.init.js HTTP/1.1" 304 0
"GET /static/admin/css/responsive.css HTTP/1.1" 304 0
"GET /admin/jsi18n/ HTTP/1.1" 200 16820
"GET /static/admin/js/urlify.js HTTP/1.1" 304 0
"GET /static/admin/js/actions.js HTTP/1.1" 304 0
"GET /static/admin/js/admin/RelatedObjectLookups.js HTTP/1.1" 304 0
"GET /static/admin/js/core.js HTTP/1.1" 304 0
"GET /static/admin/js/prepopulate.js HTTP/1.1" 304 0
"GET /static/admin/js/vendor/xregexp/xregexp.js HTTP/1.1" 304 0
"GET /static/admin/img/search.svg HTTP/1.1" 304 0
"GET /static/admin/js/nav_sidebar.js HTTP/1.1" 304 0
"GET /static/admin/js/filters.js HTTP/1.1" 304 0
"GET /admin/core/order/add/ HTTP/1.1" 200 34168
"GET /static/admin/js/prepopulate_init.js HTTP/1.1" 304 0
"GET /static/admin/css/forms.css HTTP/1.1" 304 0
"GET /admin/jsi18n/ HTTP/1.1" 200 16820
"GET /static/admin/img/icon-changelink.svg HTTP/1.1" 304 0
"GET /static/admin/img/icon-addlink.svg HTTP/1.1" 304 0
"GET /static/admin/css/widgets.css HTTP/1.1" 304 0
"GET /static/admin/img/icon-viewlink.svg HTTP/1.1" 304 0
"GET /static/admin/js/change_form.js HTTP/1.1" 304 0
"POST /admin/core/order/add/ HTTP/1.1" 302 0
"GET /admin/core/order/ HTTP/1.1" 200 17766
"GET /admin/jsi18n/ HTTP/1.1" 200 16820
Home page viewed, weather: 18.1, USD: 2.7315
"GET / HTTP/1.1" 200 4535
"GET /services/ HTTP/1.1" 200 4514
"GET /media/services/%D1%8D%D0%BA%D1%80%D0%B0%D0%BD.jpg HTTP/1.1" 200 752572
"GET /media/services/%D0%B2%D0%B8%D0%BD%D0%B4%D0%B0.png HTTP/1.1" 200 679538
"GET /media/services/%D1%87%D0%B8%D1%81%D1%82%D0%BA%D0%B0.png HTTP/1.1" 200 1037138
"GET /about/ HTTP/1.1" 200 3746
"GET /contacts/ HTTP/1.1" 200 3524
"GET /faq/ HTTP/1.1" 200 4379
"GET /faq/ HTTP/1.1" 200 4379
"GET /vacancies/ HTTP/1.1" 200 3305
"GET /vacancies/ HTTP/1.1" 200 3305
"GET /reviews/ HTTP/1.1" 200 3474
"GET /reviews/ HTTP/1.1" 200 3474
"GET /statistics/ HTTP/1.1" 200 5540
Method Not Allowed (GET): /accounts/logout/
"GET /accounts/logout/ HTTP/1.1" 405 0
G:\4sem\ÈÃÈ\453503_MALEY_19\IGI\LR5\accounts\urls.py changed, reloading.
Watching for file changes with StatReloader
Home page viewed, weather: 18.1, USD: 2.7315
"GET / HTTP/1.1" 200 4535
Method Not Allowed (GET): /accounts/logout/
"GET /accounts/logout/ HTTP/1.1" 405 0
G:\4sem\ÈÃÈ\453503_MALEY_19\IGI\LR5\accounts\urls.py changed, reloading.
Watching for file changes with StatReloader
G:\4sem\ÈÃÈ\453503_MALEY_19\IGI\LR5\config\settings.py changed, reloading.
Watching for file changes with StatReloader
G:\4sem\ÈÃÈ\453503_MALEY_19\IGI\LR5\accounts\urls.py changed, reloading.
Watching for file changes with StatReloader
Home page viewed, weather: 18.1, USD: 2.7315
"GET / HTTP/1.1" 200 5131
"POST /accounts/logout/ HTTP/1.1" 302 0
Home page viewed, weather: 18.1, USD: 2.7315
"GET / HTTP/1.1" 200 4660
"GET /accounts/login/ HTTP/1.1" 200 3934
"POST /accounts/login/ HTTP/1.1" 302 0
"GET /cabinet/ HTTP/1.1" 200 4313
"GET /statistics/ HTTP/1.1" 200 6134
"POST /accounts/logout/ HTTP/1.1" 302 0
Home page viewed, weather: 18.1, USD: 2.7315
"GET / HTTP/1.1" 200 4660
"GET /accounts/register/ HTTP/1.1" 200 5205
"POST /accounts/register/ HTTP/1.1" 200 5464
Internal Server Error: /accounts/register/
Traceback (most recent call last):
  File "G:\4sem\ÈÃÈ\453503_MALEY_19\IGI\LR5\venv\Lib\site-packages\django\core\handlers\exception.py", line 55, in inner
    response = get_response(request)
  File "G:\4sem\ÈÃÈ\453503_MALEY_19\IGI\LR5\venv\Lib\site-packages\django\core\handlers\base.py", line 198, in _get_response
    response = wrapped_callback(request, *callback_args, **callback_kwargs)
  File "G:\4sem\ÈÃÈ\453503_MALEY_19\IGI\LR5\accounts\views.py", line 11, in register
    Client.objects.create(
    ~~~~~~~~~~~~~~~~~~~~~^
        user=user,
        ^^^^^^^^^^
    ...<3 lines>...
        birth_date='2000-01-01'
        ^^^^^^^^^^^^^^^^^^^^^^^
    )
    ^
  File "G:\4sem\ÈÃÈ\453503_MALEY_19\IGI\LR5\venv\Lib\site-packages\django\db\models\manager.py", line 87, in manager_method
    return getattr(self.get_queryset(), name)(*args, **kwargs)
           ~~~~~~~~~~~~~~~~~~~~~~~~~~~~~~~~~~^^^^^^^^^^^^^^^^^
  File "G:\4sem\ÈÃÈ\453503_MALEY_19\IGI\LR5\venv\Lib\site-packages\django\db\models\query.py", line 669, in create
    obj.save(force_insert=True, using=self.db)
    ~~~~~~~~^^^^^^^^^^^^^^^^^^^^^^^^^^^^^^^^^^
  File "G:\4sem\ÈÃÈ\453503_MALEY_19\IGI\LR5\core\models.py", line 56, in save
    if self.age() < 18:
       ~~~~~~~~^^
  File "G:\4sem\ÈÃÈ\453503_MALEY_19\IGI\LR5\core\models.py", line 53, in age
    return today.year - self.birth_date.year - ((today.month, today.day) < (self.birth_date.month, self.birth_date.day))
                        ^^^^^^^^^^^^^^^^^^^^
AttributeError: 'str' object has no attribute 'year'
"POST /accounts/register/ HTTP/1.1" 500 86709
Watching for file changes with StatReloader
Home page viewed, weather: 17.8, USD: 2.7315
"GET / HTTP/1.1" 200 4660
"GET /accounts/register/ HTTP/1.1" 200 5205
G:\4sem\ÈÃÈ\453503_MALEY_19\IGI\LR5\accounts\views.py changed, reloading.
Watching for file changes with StatReloader
G:\4sem\ÈÃÈ\453503_MALEY_19\IGI\LR5\accounts\urls.py changed, reloading.
Watching for file changes with StatReloader
G:\4sem\ÈÃÈ\453503_MALEY_19\IGI\LR5\core\models.py changed, reloading.
Watching for file changes with StatReloader
Watching for file changes with StatReloader
Home page viewed, weather: 17.8, USD: 2.7315
"GET / HTTP/1.1" 200 4660
"GET /accounts/register/ HTTP/1.1" 200 13079
"POST /accounts/register/ HTTP/1.1" 200 13929
"POST /accounts/register/ HTTP/1.1" 302 0
"GET /accounts/login/ HTTP/1.1" 200 4279
"POST /accounts/login/ HTTP/1.1" 200 4194
"POST /accounts/login/ HTTP/1.1" 200 4194
"POST /accounts/login/ HTTP/1.1" 302 0
"GET /cabinet/ HTTP/1.1" 200 3468
"POST /accounts/logout/ HTTP/1.1" 302 0
Home page viewed, weather: 17.8, USD: 2.7315
"GET / HTTP/1.1" 200 4660
"GET /accounts/login/ HTTP/1.1" 200 3934
"POST /accounts/login/ HTTP/1.1" 302 0
"GET /cabinet/ HTTP/1.1" 200 3468
"POST /accounts/logout/ HTTP/1.1" 302 0
Home page viewed, weather: 17.8, USD: 2.7315
"GET / HTTP/1.1" 200 4660
"GET /accounts/login/ HTTP/1.1" 200 3934
"POST /accounts/login/ HTTP/1.1" 302 0
"GET /cabinet/ HTTP/1.1" 200 4313
Watching for file changes with StatReloader
Home page viewed, weather: 17.8, USD: 2.7506
"GET / HTTP/1.1" 200 14058
Home page viewed, weather: 17.6, USD: 2.7506
Home page viewed, weather: 17.6, USD: 2.7506
Home page viewed, weather: 17.6, USD: 2.7506
Home page viewed, weather: 17.6, USD: 2.7506
